1646282701 0 0
1646282701 0 0 0 0
1646282401 0 0 0 0
1646282400 0 0 0 0
1646282100 0 0 0 0
1646281800 0 0 0 0
1646281500 0 0 0 0
1646281200 0 0 0 0
1646280900 0 0 0 0
1646280600 0 0 0 0
1646280300 0 0 0 0
1646280000 0 0 0 0
1646279700 0 0 0 0
1646279400 0 0 0 0
1646279100 0 0 0 0
1646278800 0 0 0 0
1646278500 0 0 0 0
1646278200 0 0 0 0
1646277900 0 0 0 0
1646277600 0 0 0 0
1646277300 0 0 0 0
1646277000 0 0 0 0
1646276700 0 0 0 0
1646276400 0 0 0 0
1646276100 0 0 0 0
1646275800 0 0 0 0
1646275500 0 0 0 0
1646275200 0 0 0 0
1646274900 0 0 0 0
1646274600 0 0 0 0
1646274300 0 0 0 0
1646274000 0 0 0 0
1646273700 0 0 0 0
1646273400 0 0 0 0
1646273100 0 0 0 0
1646272800 0 0 0 0
1646272500 0 0 0 0
1646272200 0 0 0 0
1646271900 0 0 0 0
1646271600 0 0 0 0
1646271300 0 0 0 0
1646271000 0 0 0 0
1646270700 0 0 0 0
1646270400 0 0 0 0
1646270100 0 0 0 0
1646269800 0 0 0 0
1646269500 0 0 0 0
1646269200 0 0 0 0
1646268900 0 0 0 0
1646268600 0 0 0 0
1646268300 0 0 0 0
1646268000 0 0 0 0
1646267700 0 0 0 0
1646267400 0 0 0 0
1646267100 0 0 0 0
1646266800 0 0 0 0
1646266500 0 0 0 0
1646266200 0 0 0 0
1646265900 0 0 0 0
1646265600 0 0 0 0
1646265300 0 0 0 0
1646265000 0 0 0 0
1646264700 0 0 0 0
1646264400 0 0 0 0
1646264100 0 0 0 0
1646263800 0 0 0 0
1646263500 0 0 0 0
1646263200 0 0 0 0
1646262900 0 0 0 0
1646262600 0 0 0 0
1646262300 0 0 0 0
1646262000 0 0 0 0
1646261700 0 0 0 0
1646261400 0 0 0 0
1646261100 0 0 0 0
1646260800 0 0 0 0
1646260500 0 0 0 0
1646260200 0 0 0 0
1646259900 0 0 0 0
1646259600 0 0 0 0
1646259300 0 0 0 0
1646259000 0 0 0 0
1646258700 0 0 0 0
1646258400 0 0 0 0
1646258100 0 0 0 0
1646257800 0 0 0 0
1646257500 0 0 0 0
1646257200 0 0 0 0
1646256900 0 0 0 0
1646256600 0 0 0 0
1646256300 0 0 0 0
1646256000 0 0 0 0
1646255700 0 0 0 0
1646255400 0 0 0 0
1646255100 0 0 0 0
1646254800 0 0 0 0
1646254500 0 0 0 0
1646254200 0 0 0 0
1646253900 0 0 0 0
1646253600 0 0 0 0
1646253300 0 0 0 0
1646253000 0 0 0 0
1646252700 0 0 0 0
1646252400 0 0 0 0
1646252100 0 0 0 0
1646251800 0 0 0 0
1646251500 0 0 0 0
1646251200 0 0 0 0
1646250900 0 0 0 0
1646250600 0 0 0 0
1646250300 0 0 0 0
1646250000 0 0 0 0
1646249700 0 0 0 0
1646249400 0 0 0 0
1646249100 0 0 0 0
1646248800 0 0 0 0
1646248500 0 0 0 0
1646248200 0 0 0 0
1646247900 0 0 0 0
1646247600 0 0 0 0
1646247300 0 0 0 0
1646247000 0 0 0 0
1646246700 0 0 0 0
1646246400 0 0 0 0
1646246100 0 0 0 0
1646245800 0 0 0 0
1646245500 0 0 0 0
1646245200 0 0 0 0
1646244900 0 0 0 0
1646244600 0 0 0 0
1646244300 0 0 0 0
1646244000 0 0 0 0
1646243700 0 0 0 0
1646243400 0 0 0 0
1646243100 0 0 0 0
1646242800 0 0 0 0
1646242500 0 0 0 0
1646242200 0 0 0 0
1646241900 0 0 0 0
1646241600 0 0 0 0
1646241300 0 0 0 0
1646241000 0 0 0 0
1646240700 0 0 0 0
1646240400 0 0 0 0
1646240100 0 0 0 0
1646239800 0 0 0 0
1646239500 0 0 0 0
1646239200 0 0 0 0
1646238900 0 0 0 0
1646238600 0 0 0 0
1646238300 0 0 0 0
1646238000 0 0 0 0
1646237700 0 0 0 0
1646237400 0 0 0 0
1646237100 0 0 0 0
1646236800 0 0 0 0
1646236500 0 0 0 0
1646236200 0 0 0 0
1646235900 0 0 0 0
1646235600 0 0 0 0
1646235300 0 0 0 0
1646235000 0 0 0 0
1646234700 0 0 0 0
1646234400 0 0 0 0
1646234100 0 0 0 0
1646233800 0 0 0 0
1646233500 0 0 0 0
1646233200 0 0 0 0
1646232900 0 0 0 0
1646232600 0 0 0 0
1646232300 0 0 0 0
1646232000 0 0 0 0
1646231700 0 0 0 0
1646231400 0 0 0 0
1646231100 0 0 0 0
1646230800 0 0 0 0
1646230500 0 0 0 0
1646230200 0 0 0 0
1646229900 0 0 0 0
1646229600 0 0 0 0
1646229300 0 0 0 0
1646229000 0 0 0 0
1646228700 0 0 0 0
1646228400 0 0 0 0
1646228100 0 0 0 0
1646227800 0 0 0 0
1646227500 0 0 0 0
1646227200 0 0 0 0
1646226900 0 0 0 0
1646226600 0 0 0 0
1646226300 0 0 0 0
1646226000 0 0 0 0
1646225700 0 0 0 0
1646225400 0 0 0 0
1646225100 0 0 0 0
1646224800 0 0 0 0
1646224500 0 0 0 0
1646224200 0 0 0 0
1646223900 0 0 0 0
1646223600 0 0 0 0
1646223300 0 0 0 0
1646223000 0 0 0 0
1646222700 0 0 0 0
1646222400 0 0 0 0
1646222100 0 0 0 0
1646221800 0 0 0 0
1646221500 0 0 0 0
1646221200 0 0 0 0
1646220900 0 0 0 0
1646220600 0 0 0 0
1646220300 0 0 0 0
1646220000 0 0 0 0
1646219700 0 0 0 0
1646219400 0 0 0 0
1646219100 0 0 0 0
1646218800 0 0 0 0
1646218500 0 0 0 0
1646218200 0 0 0 0
1646217900 0 0 0 0
1646217600 0 0 0 0
1646217300 0 0 0 0
1646217000 0 0 0 0
1646216700 0 0 0 0
1646216400 0 0 0 0
1646216100 0 0 0 0
1646215800 0 0 0 0
1646215500 0 0 0 0
1646215200 0 0 0 0
1646214900 0 0 0 0
1646214600 0 0 0 0
1646214300 0 0 0 0
1646214000 0 0 0 0
1646213700 0 0 0 0
1646213400 0 0 0 0
1646213100 0 0 0 0
1646212800 0 0 0 0
1646212500 0 0 0 0
1646212200 0 0 0 0
1646211900 0 0 0 0
1646211600 0 0 0 0
1646211300 0 0 0 0
1646211000 0 0 0 0
1646210700 0 0 0 0
1646210400 0 0 0 0
1646210100 0 0 0 0
1646209800 0 0 0 0
1646209500 0 0 0 0
1646209200 0 0 0 0
1646208900 0 0 0 0
1646208600 0 0 0 0
1646208300 0 0 0 0
1646208000 0 0 0 0
1646207700 0 0 0 0
1646207400 0 0 0 0
1646207100 0 0 0 0
1646206800 0 0 0 0
1646206500 0 0 0 0
1646206200 0 0 0 0
1646205900 0 0 0 0
1646205600 0 0 0 0
1646205300 0 0 0 0
1646205000 0 0 0 0
1646204700 0 0 0 0
1646204400 0 0 0 0
1646204100 0 0 0 0
1646203800 0 0 0 0
1646203500 0 0 0 0
1646203200 0 0 0 0
1646202900 0 0 0 0
1646202600 0 0 0 0
1646202300 0 0 0 0
1646202000 0 0 0 0
1646201700 0 0 0 0
1646201400 0 0 0 0
1646201100 0 0 0 0
1646200800 0 0 0 0
1646200500 0 0 0 0
1646200200 0 0 0 0
1646199900 0 0 0 0
1646199600 0 0 0 0
1646199300 0 0 0 0
1646199000 0 0 0 0
1646198700 0 0 0 0
1646198400 0 0 0 0
1646198100 0 0 0 0
1646197800 0 0 0 0
1646197500 0 0 0 0
1646197200 0 0 0 0
1646196900 0 0 0 0
1646196600 0 0 0 0
1646196300 0 0 0 0
1646196000 0 0 0 0
1646195700 0 0 0 0
1646195400 0 0 0 0
1646195100 0 0 0 0
1646194800 0 0 0 0
1646194500 0 0 0 0
1646194200 0 0 0 0
1646193900 0 0 0 0
1646193600 0 0 0 0
1646193300 0 0 0 0
1646193000 0 0 0 0
1646192700 0 0 0 0
1646192400 0 0 0 0
1646192100 0 0 0 0
1646191800 0 0 0 0
1646191500 0 0 0 0
1646191200 0 0 0 0
1646190900 0 0 0 0
1646190600 0 0 0 0
1646190300 0 0 0 0
1646190000 0 0 0 0
1646189700 0 0 0 0
1646189400 0 0 0 0
1646189100 0 0 0 0
1646188800 0 0 0 0
1646188500 0 0 0 0
1646188200 0 0 0 0
1646187900 0 0 0 0
1646187600 0 0 0 0
1646187300 0 0 0 0
1646187000 0 0 0 0
1646186700 0 0 0 0
1646186400 0 0 0 0
1646186100 0 0 0 0
1646185800 0 0 0 0
1646185500 0 0 0 0
1646185200 0 0 0 0
1646184900 0 0 0 0
1646184600 0 0 0 0
1646184300 0 0 0 0
1646184000 0 0 0 0
1646183700 0 0 0 0
1646183400 0 0 0 0
1646183100 0 0 0 0
1646182800 0 0 0 0
1646182500 0 0 0 0
1646182200 0 0 0 0
1646181900 0 0 0 0
1646181600 0 0 0 0
1646181300 0 0 0 0
1646181000 0 0 0 0
1646180700 0 0 0 0
1646180400 0 0 0 0
1646180100 0 0 0 0
1646179800 0 0 0 0
1646179500 0 0 0 0
1646179200 0 0 0 0
1646178900 0 0 0 0
1646178600 0 0 0 0
1646178300 0 0 0 0
1646178000 0 0 0 0
1646177700 0 0 0 0
1646177400 0 0 0 0
1646177100 0 0 0 0
1646176800 0 0 0 0
1646176500 0 0 0 0
1646176200 0 0 0 0
1646175900 0 0 0 0
1646175600 0 0 0 0
1646175300 0 0 0 0
1646175000 0 0 0 0
1646174700 0 0 0 0
1646174400 0 0 0 0
1646174100 0 0 0 0
1646173800 0 0 0 0
1646173500 0 0 0 0
1646173200 0 0 0 0
1646172900 0 0 0 0
1646172600 0 0 0 0
1646172300 0 0 0 0
1646172000 0 0 0 0
1646171700 0 0 0 0
1646171400 0 0 0 0
1646171100 0 0 0 0
1646170800 0 0 0 0
1646170500 0 0 0 0
1646170200 0 0 0 0
1646169900 0 0 0 0
1646169600 0 0 0 0
1646169300 0 0 0 0
1646169000 0 0 0 0
1646168700 0 0 0 0
1646168400 0 0 0 0
1646168100 0 0 0 0
1646167800 0 0 0 0
1646167500 0 0 0 0
1646167200 0 0 0 0
1646166900 0 0 0 0
1646166600 0 0 0 0
1646166300 0 0 0 0
1646166000 0 0 0 0
1646165700 0 0 0 0
1646165400 0 0 0 0
1646165100 0 0 0 0
1646164800 0 0 0 0
1646164500 0 0 0 0
1646164200 0 0 0 0
1646163900 0 0 0 0
1646163600 0 0 0 0
1646163300 0 0 0 0
1646163000 0 0 0 0
1646162700 0 0 0 0
1646162400 0 0 0 0
1646162100 0 0 0 0
1646161800 0 0 0 0
1646161500 0 0 0 0
1646161200 0 0 0 0
1646160900 0 0 0 0
1646160600 0 0 0 0
1646160300 0 0 0 0
1646160000 0 0 0 0
1646159700 0 0 0 0
1646159400 0 0 0 0
1646159100 0 0 0 0
1646158800 0 0 0 0
1646158500 0 0 0 0
1646158200 0 0 0 0
1646157900 0 0 0 0
1646157600 0 0 0 0
1646157300 0 0 0 0
1646157000 0 0 0 0
1646156700 0 0 0 0
1646156400 0 0 0 0
1646156100 0 0 0 0
1646155800 0 0 0 0
1646155500 0 0 0 0
1646155200 0 0 0 0
1646154900 0 0 0 0
1646154600 0 0 0 0
1646154300 0 0 0 0
1646154000 0 0 0 0
1646153700 0 0 0 0
1646153400 0 0 0 0
1646153100 0 0 0 0
1646152800 0 0 0 0
1646152500 0 0 0 0
1646152200 0 0 0 0
1646151900 0 0 0 0
1646151600 0 0 0 0
1646151300 0 0 0 0
1646151000 0 0 0 0
1646150700 0 0 0 0
1646150400 0 0 0 0
1646150100 0 0 0 0
1646149800 0 0 0 0
1646149500 0 0 0 0
1646149200 0 0 0 0
1646148900 0 0 0 0
1646148600 0 0 0 0
1646148300 0 0 0 0
1646148000 0 0 0 0
1646147700 0 0 0 0
1646147400 0 0 0 0
1646147100 0 0 0 0
1646146800 0 0 0 0
1646146500 0 0 0 0
1646146200 0 0 0 0
1646145900 0 0 0 0
1646145600 0 0 0 0
1646145300 0 0 0 0
1646145000 0 0 0 0
1646144700 0 0 0 0
1646144400 0 0 0 0
1646144100 0 0 0 0
1646143800 0 0 0 0
1646143500 0 0 0 0
1646143200 0 0 0 0
1646142900 0 0 0 0
1646142600 0 0 0 0
1646142300 0 0 0 0
1646142000 0 0 0 0
1646141700 0 0 0 0
1646141400 0 0 0 0
1646141100 0 0 0 0
1646140800 0 0 0 0
1646140500 0 0 0 0
1646140200 0 0 0 0
1646139900 0 0 0 0
1646139600 0 0 0 0
1646139300 0 0 0 0
1646139000 0 0 0 0
1646138700 0 0 0 0
1646138400 0 0 0 0
1646138100 0 0 0 0
1646137800 0 0 0 0
1646137500 0 0 0 0
1646137200 0 0 0 0
1646136900 0 0 0 0
1646136600 0 0 0 0
1646136300 0 0 0 0
1646136000 0 0 0 0
1646135700 0 0 0 0
1646135400 0 0 0 0
1646135100 0 0 0 0
1646134800 0 0 0 0
1646134500 0 0 0 0
1646134200 0 0 0 0
1646133900 0 0 0 0
1646133600 0 0 0 0
1646133300 0 0 0 0
1646133000 0 0 0 0
1646132700 0 0 0 0
1646132400 0 0 0 0
1646132100 0 0 0 0
1646131800 0 0 0 0
1646131500 0 0 0 0
1646131200 0 0 0 0
1646130900 0 0 0 0
1646130600 0 0 0 0
1646130300 0 0 0 0
1646130000 0 0 0 0
1646129700 0 0 0 0
1646129400 0 0 0 0
1646129100 0 0 0 0
1646128800 0 0 0 0
1646128500 0 0 0 0
1646128200 0 0 0 0
1646127900 0 0 0 0
1646127600 0 0 0 0
1646127300 0 0 0 0
1646127000 0 0 0 0
1646126700 0 0 0 0
1646126400 0 0 0 0
1646126100 0 0 0 0
1646125800 0 0 0 0
1646125500 0 0 0 0
1646125200 0 0 0 0
1646124900 0 0 0 0
1646124600 0 0 0 0
1646124300 0 0 0 0
1646124000 0 0 0 0
1646123700 0 0 0 0
1646123400 0 0 0 0
1646123100 0 0 0 0
1646122800 0 0 0 0
1646122500 0 0 0 0
1646122200 0 0 0 0
1646121900 0 0 0 0
1646121600 0 0 0 0
1646121300 0 0 0 0
1646121000 0 0 0 0
1646120700 0 0 0 0
1646120400 0 0 0 0
1646120100 0 0 0 0
1646119800 0 0 0 0
1646119500 0 0 0 0
1646119200 0 0 0 0
1646118900 0 0 0 0
1646118600 0 0 0 0
1646118300 0 0 0 0
1646118000 0 0 0 0
1646117700 0 0 0 0
1646117400 0 0 0 0
1646117100 0 0 0 0
1646116800 0 0 0 0
1646116500 0 0 0 0
1646116200 0 0 0 0
1646115900 0 0 0 0
1646115600 0 0 0 0
1646115300 0 0 0 0
1646115000 0 0 0 0
1646114700 0 0 0 0
1646114400 0 0 0 0
1646114100 0 0 0 0
1646113800 0 0 0 0
1646113500 0 0 0 0
1646113200 0 0 0 0
1646112900 0 0 0 0
1646112600 0 0 0 0
1646112300 0 0 0 0
1646112000 0 0 0 0
1646111700 0 0 0 0
1646111400 0 0 0 0
1646111100 0 0 0 0
1646110800 0 0 0 0
1646110500 0 0 0 0
1646110200 0 0 0 0
1646109900 0 0 0 0
1646109600 0 0 0 0
1646109300 0 0 0 0
1646109000 0 0 0 0
1646108700 0 0 0 0
1646108400 0 0 0 0
1646108100 0 0 0 0
1646107800 0 0 0 0
1646107500 0 0 0 0
1646107200 0 0 0 0
1646106900 0 0 0 0
1646106600 0 0 0 0
1646106300 0 0 0 0
1646106000 0 0 0 0
1646105700 0 0 0 0
1646105400 0 0 0 0
1646105100 0 0 0 0
1646104800 0 0 0 0
1646104500 0 0 0 0
1646104200 0 0 0 0
1646103900 0 0 0 0
1646103600 0 0 0 0
1646103300 0 0 0 0
1646103000 0 0 0 0
1646102700 0 0 0 0
1646101800 0 0 0 0
1646100000 0 0 0 0
1646098200 0 0 0 0
1646096400 0 0 0 0
1646094600 0 0 0 0
1646092800 0 0 0 0
1646091000 0 0 0 0
1646089200 0 0 0 0
1646087400 0 0 0 0
1646085600 0 0 0 0
1646083800 0 0 0 0
1646082000 0 0 0 0
1646080200 0 0 0 0
1646078400 0 0 0 0
1646076600 0 0 0 0
1646074800 0 0 0 0
1646073000 0 0 0 0
1646071200 0 0 0 0
1646069400 0 0 0 0
1646067600 0 0 0 0
1646065800 0 0 0 0
1646064000 0 0 0 0
1646062200 0 0 0 0
1646060400 0 0 0 0
1646058600 0 0 0 0
1646056800 0 0 0 0
1646055000 0 0 0 0
1646053200 0 0 0 0
1646051400 0 0 0 0
1646049600 0 0 0 0
1646047800 0 0 0 0
1646046000 0 0 0 0
1646044200 0 0 0 0
1646042400 0 0 0 0
1646040600 0 0 0 0
1646038800 0 0 0 0
1646037000 0 0 0 0
1646035200 0 0 0 0
1646033400 0 0 0 0
1646031600 0 0 0 0
1646029800 0 0 0 0
1646028000 0 0 0 0
1646026200 0 0 0 0
1646024400 0 0 0 0
1646022600 0 0 0 0
1646020800 0 0 0 0
1646019000 0 0 0 0
1646017200 0 0 0 0
1646015400 0 0 0 0
1646013600 0 0 0 0
1646011800 0 0 0 0
1646010000 0 0 0 0
1646008200 0 0 0 0
1646006400 0 0 0 0
1646004600 0 0 0 0
1646002800 0 0 0 0
1646001000 0 0 0 0
1645999200 0 0 0 0
1645997400 0 0 0 0
1645995600 0 0 0 0
1645993800 0 0 0 0
1645992000 0 0 0 0
1645990200 0 0 0 0
1645988400 0 0 0 0
1645986600 0 0 0 0
1645984800 0 0 0 0
1645983000 0 0 0 0
1645981200 0 0 0 0
1645979400 0 0 0 0
1645977600 0 0 0 0
1645975800 0 0 0 0
1645974000 0 0 0 0
1645972200 0 0 0 0
1645970400 0 0 0 0
1645968600 0 0 0 0
1645966800 0 0 0 0
1645965000 0 0 0 0
1645963200 0 0 0 0
1645961400 0 0 0 0
1645959600 0 0 0 0
1645957800 0 0 0 0
1645956000 0 0 0 0
1645954200 0 0 0 0
1645952400 0 0 0 0
1645950600 0 0 0 0
1645948800 0 0 0 0
1645947000 0 0 0 0
1645945200 0 0 0 0
1645943400 0 0 0 0
1645941600 0 0 0 0
1645939800 0 0 0 0
1645938000 0 0 0 0
1645936200 0 0 0 0
1645934400 0 0 0 0
1645932600 0 0 0 0
1645930800 0 0 0 0
1645929000 0 0 0 0
1645927200 0 0 0 0
1645925400 0 0 0 0
1645923600 0 0 0 0
1645921800 0 0 0 0
1645920000 0 0 0 0
1645918200 0 0 0 0
1645916400 0 0 0 0
1645914600 0 0 0 0
1645912800 0 0 0 0
1645911000 0 0 0 0
1645909200 0 0 0 0
1645907400 0 0 0 0
1645905600 0 0 0 0
1645903800 0 0 0 0
1645902000 0 0 0 0
1645900200 0 0 0 0
1645898400 0 0 0 0
1645896600 0 0 0 0
1645894800 0 0 0 0
1645893000 0 0 0 0
1645891200 0 0 0 0
1645889400 0 0 0 0
1645887600 0 0 0 0
1645885800 0 0 0 0
1645884000 0 0 0 0
1645882200 0 0 0 0
1645880400 0 0 0 0
1645878600 0 0 0 0
1645876800 0 0 0 0
1645875000 0 0 0 0
1645873200 0 0 0 0
1645871400 0 0 0 0
1645869600 0 0 0 0
1645867800 0 0 0 0
1645866000 0 0 0 0
1645864200 0 0 0 0
1645862400 0 0 0 0
1645860600 0 0 0 0
1645858800 0 0 0 0
1645857000 0 0 0 0
1645855200 0 0 0 0
1645853400 0 0 0 0
1645851600 0 0 0 0
1645849800 0 0 0 0
1645848000 0 0 0 0
1645846200 0 0 0 0
1645844400 0 0 0 0
1645842600 0 0 0 0
1645840800 0 0 0 0
1645839000 0 0 0 0
1645837200 0 0 0 0
1645835400 0 0 0 0
1645833600 0 0 0 0
1645831800 0 0 0 0
1645830000 0 0 0 0
1645828200 0 0 0 0
1645826400 0 0 0 0
1645824600 0 0 0 0
1645822800 0 0 0 0
1645821000 0 0 0 0
1645819200 0 0 0 0
1645817400 0 0 0 0
1645815600 0 0 0 0
1645813800 0 0 0 0
1645812000 0 0 0 0
1645810200 0 0 0 0
1645808400 0 0 0 0
1645806600 0 0 0 0
1645804800 0 0 0 0
1645803000 0 0 0 0
1645801200 0 0 0 0
1645799400 0 0 0 0
1645797600 0 0 0 0
1645795800 0 0 0 0
1645794000 0 0 0 0
1645792200 0 0 0 0
1645790400 0 0 0 0
1645788600 0 0 0 0
1645786800 0 0 0 0
1645785000 0 0 0 0
1645783200 0 0 0 0
1645781400 0 0 0 0
1645779600 0 0 0 0
1645777800 0 0 0 0
1645776000 0 0 0 0
1645774200 0 0 0 0
1645772400 0 0 0 0
1645770600 0 0 0 0
1645768800 0 0 0 0
1645767000 0 0 0 0
1645765200 0 0 0 0
1645763400 0 0 0 0
1645761600 0 0 0 0
1645759800 0 0 0 0
1645758000 0 0 0 0
1645756200 0 0 0 0
1645754400 0 0 0 0
1645752600 0 0 0 0
1645750800 0 0 0 0
1645749000 0 0 0 0
1645747200 0 0 0 0
1645745400 0 0 0 0
1645743600 0 0 0 0
1645741800 0 0 0 0
1645740000 0 0 0 0
1645738200 0 0 0 0
1645736400 0 0 0 0
1645734600 0 0 0 0
1645732800 0 0 0 0
1645731000 0 0 0 0
1645729200 0 0 0 0
1645727400 0 0 0 0
1645725600 0 0 0 0
1645723800 0 0 0 0
1645722000 0 0 0 0
1645720200 0 0 0 0
1645718400 0 0 0 0
1645716600 0 0 0 0
1645714800 0 0 0 0
1645713000 0 0 0 0
1645711200 0 0 0 0
1645709400 0 0 0 0
1645707600 0 0 0 0
1645705800 0 0 0 0
1645704000 0 0 0 0
1645702200 0 0 0 0
1645700400 0 0 0 0
1645698600 0 0 0 0
1645696800 0 0 0 0
1645695000 0 0 0 0
1645693200 0 0 0 0
1645691400 0 0 0 0
1645689600 0 0 0 0
1645687800 0 0 0 0
1645686000 0 0 0 0
1645684200 0 0 0 0
1645682400 0 0 0 0
1645680600 0 0 0 0
1645678800 0 0 0 0
1645677000 0 0 0 0
1645675200 0 0 0 0
1645673400 0 0 0 0
1645671600 0 0 0 0
1645669800 0 0 0 0
1645668000 0 0 0 0
1645666200 0 0 0 0
1645664400 0 0 0 0
1645662600 0 0 0 0
1645660800 0 0 0 0
1645659000 0 0 0 0
1645657200 0 0 0 0
1645655400 0 0 0 0
1645653600 0 0 0 0
1645651800 0 0 0 0
1645650000 0 0 0 0
1645648200 0 0 0 0
1645646400 0 0 0 0
1645644600 0 0 0 0
1645642800 0 0 0 0
1645641000 0 0 0 0
1645639200 0 0 0 0
1645637400 0 0 0 0
1645635600 0 0 0 0
1645633800 0 0 0 0
1645632000 0 0 0 0
1645630200 0 0 0 0
1645628400 0 0 0 0
1645626600 0 0 0 0
1645624800 0 0 0 0
1645623000 0 0 0 0
1645621200 0 0 0 0
1645619400 0 0 0 0
1645617600 0 0 0 0
1645615800 0 0 0 0
1645614000 0 0 0 0
1645612200 0 0 0 0
1645610400 0 0 0 0
1645608600 0 0 0 0
1645606800 0 0 0 0
1645605000 0 0 0 0
1645603200 0 0 0 0
1645601400 0 0 0 0
1645599600 0 0 0 0
1645597800 0 0 0 0
1645596000 0 0 0 0
1645594200 0 0 0 0
1645592400 0 0 0 0
1645590600 0 0 0 0
1645588800 0 0 0 0
1645587000 0 0 0 0
1645585200 0 0 0 0
1645583400 0 0 0 0
1645581600 0 0 0 0
1645579800 0 0 0 0
1645578000 0 0 0 0
1645576200 0 0 0 0
1645574400 0 0 0 0
1645572600 0 0 0 0
1645570800 0 0 0 0
1645569000 0 0 0 0
1645567200 0 0 0 0
1645565400 0 0 0 0
1645563600 0 0 0 0
1645561800 0 0 0 0
1645560000 0 0 0 0
1645558200 0 0 0 0
1645556400 0 0 0 0
1645554600 0 0 0 0
1645552800 0 0 0 0
1645551000 0 0 0 0
1645549200 0 0 0 0
1645547400 0 0 0 0
1645545600 0 0 0 0
1645543800 0 0 0 0
1645542000 0 0 0 0
1645540200 0 0 0 0
1645538400 0 0 0 0
1645536600 0 0 0 0
1645534800 0 0 0 0
1645533000 0 0 0 0
1645531200 0 0 0 0
1645529400 0 0 0 0
1645527600 0 0 0 0
1645525800 0 0 0 0
1645524000 0 0 0 0
1645522200 0 0 0 0
1645520400 0 0 0 0
1645518600 0 0 0 0
1645516800 0 0 0 0
1645515000 0 0 0 0
1645513200 0 0 0 0
1645511400 6 0 10 0
1645509600 10 0 10 0
1645507800 10 0 10 0
1645506000 10 0 10 0
1645504200 10 0 10 0
1645502400 10 0 10 0
1645500600 10 0 10 0
1645498800 10 0 10 0
1645497000 10 0 10 0
1645495200 10 0 10 0
1645493400 10 0 10 0
1645491600 10 0 10 0
1645489800 10 0 10 0
1645488000 10 0 10 0
1645486200 10 0 10 0
1645484400 10 0 10 0
1645482600 10 0 10 0
1645480800 10 0 10 0
1645479000 10 0 10 0
1645477200 10 0 10 0
1645475400 10 0 10 0
1645473600 10 0 10 0
1645471800 10 0 10 0
1645470000 10 0 10 0
1645468200 10 0 10 0
1645466400 10 0 10 0
1645464600 10 0 10 0
1645462800 10 0 10 0
1645461000 10 0 10 0
1645459200 10 0 10 0
1645457400 10 0 10 0
1645455600 10 0 10 0
1645453800 10 0 10 0
1645452000 10 0 10 0
1645450200 10 0 10 0
1645448400 10 0 10 0
1645446600 10 0 10 0
1645444800 10 0 10 0
1645443000 10 0 10 0
1645441200 10 0 10 0
1645439400 10 0 10 0
1645437600 10 0 10 0
1645435800 10 0 10 0
1645434000 10 0 10 0
1645432200 10 0 10 0
1645430400 10 0 10 0
1645428600 10 0 10 0
1645426800 10 0 10 0
1645425000 10 0 10 0
1645423200 10 0 10 0
1645421400 10 0 10 0
1645419600 10 0 10 0
1645417800 10 0 10 0
1645416000 10 0 10 0
1645414200 10 0 10 0
1645412400 10 0 10 0
1645410600 10 0 10 0
1645408800 10 0 10 0
1645407000 10 0 10 0
1645405200 10 0 10 0
1645403400 10 0 10 0
1645401600 10 0 10 0
1645399800 10 0 10 0
1645398000 10 0 10 0
1645396200 10 0 10 0
1645394400 10 0 10 0
1645392600 10 0 10 0
1645390800 10 0 10 0
1645389000 10 0 10 0
1645387200 10 0 10 0
1645385400 10 0 10 0
1645383600 10 0 10 0
1645381800 10 0 10 0
1645380000 10 0 10 0
1645378200 10 0 10 0
1645376400 10 0 10 0
1645374600 10 0 10 0
1645372800 10 0 10 0
1645371000 10 0 10 0
1645369200 10 0 10 0
1645367400 10 0 10 0
1645365600 10 0 10 0
1645363800 10 0 10 0
1645362000 10 0 10 0
1645360200 10 0 10 0
1645358400 10 0 10 0
1645356600 10 0 10 0
1645354800 10 0 10 0
1645353000 10 0 10 0
1645351200 10 0 10 0
1645349400 10 0 10 0
1645347600 10 0 10 0
1645345800 10 0 10 0
1645344000 10 0 10 0
1645342200 10 0 10 0
1645340400 10 0 10 0
1645338600 10 0 10 0
1645336800 10 0 10 0
1645335000 10 0 10 0
1645333200 10 0 10 0
1645331400 10 0 10 0
1645329600 10 0 10 0
1645327800 10 0 10 0
1645326000 10 0 10 0
1645324200 10 0 10 0
1645322400 10 0 10 0
1645320600 10 0 10 0
1645318800 10 0 10 0
1645317000 10 0 10 0
1645315200 10 0 10 0
1645313400 10 0 10 0
1645311600 10 0 10 0
1645309800 10 0 10 0
1645308000 10 0 10 0
1645306200 10 0 10 0
1645304400 10 0 10 0
1645302600 10 0 10 0
1645300800 10 0 10 0
1645299000 10 0 10 0
1645297200 10 0 10 0
1645295400 10 0 10 0
1645293600 10 0 10 0
1645291800 10 0 10 0
1645290000 10 0 10 0
1645288200 10 0 10 0
1645286400 10 0 10 0
1645284600 10 0 10 0
1645282800 10 0 10 0
1645281000 10 0 10 0
1645279200 10 0 10 0
1645277400 10 0 10 0
1645275600 10 0 10 0
1645273800 10 0 10 0
1645272000 10 0 10 0
1645270200 10 0 10 0
1645268400 10 0 10 0
1645266600 10 0 10 0
1645264800 10 0 10 0
1645263000 10 0 10 0
1645261200 10 0 10 0
1645259400 10 0 10 0
1645257600 10 0 10 0
1645255800 10 0 10 0
1645254000 10 0 10 0
1645252200 10 0 10 0
1645250400 10 0 10 0
1645248600 10 0 10 0
1645246800 10 0 10 0
1645245000 10 0 10 0
1645243200 10 0 10 0
1645241400 10 0 10 0
1645239600 10 0 10 0
1645237800 10 0 10 0
1645236000 10 0 10 0
1645234200 10 0 10 0
1645232400 10 0 10 0
1645230600 10 0 10 0
1645228800 10 0 10 0
1645227000 10 0 10 0
1645225200 10 0 10 0
1645223400 10 0 10 0
1645221600 10 0 10 0
1645219800 10 0 10 0
1645218000 10 0 10 0
1645216200 10 0 10 0
1645214400 10 0 10 0
1645212600 10 0 10 0
1645210800 10 0 10 0
1645209000 10 0 10 0
1645207200 10 0 10 0
1645205400 10 0 10 0
1645203600 10 0 10 0
1645201800 10 0 10 0
1645200000 10 0 10 0
1645198200 10 0 10 0
1645196400 10 0 10 0
1645194600 10 0 10 0
1645192800 10 0 10 0
1645191000 10 0 10 0
1645189200 10 0 10 0
1645187400 10 0 10 0
1645185600 10 0 10 0
1645183800 10 0 10 0
1645182000 10 0 10 0
1645180200 10 0 10 0
1645178400 10 0 10 0
1645176600 10 0 10 0
1645174800 10 0 10 0
1645173000 10 0 10 0
1645171200 10 0 10 0
1645169400 10 0 10 0
1645167600 10 0 10 0
1645165800 10 0 10 0
1645164000 10 0 10 0
1645162200 10 0 10 0
1645160400 10 0 10 0
1645158600 10 0 10 0
1645156800 10 0 10 0
1645155000 10 0 10 0
1645153200 10 0 10 0
1645151400 10 0 10 0
1645149600 10 0 10 0
1645147800 10 0 10 0
1645146000 10 0 10 0
1645144200 10 0 10 0
1645142400 10 0 10 0
1645140600 10 0 10 0
1645138800 10 0 10 0
1645137000 10 0 10 0
1645135200 10 0 10 0
1645133400 10 0 10 0
1645131600 10 0 10 0
1645129800 10 0 10 0
1645128000 10 0 10 0
1645126200 10 0 10 0
1645124400 10 0 10 0
1645122600 10 0 10 0
1645120800 10 0 10 0
1645119000 10 0 10 0
1645117200 10 0 10 0
1645115400 10 0 10 0
1645113600 10 0 10 0
1645111800 10 0 10 0
1645110000 10 0 10 0
1645108200 10 0 10 0
1645106400 10 0 10 0
1645104600 10 0 10 0
1645102800 10 0 10 0
1645101000 10 0 10 0
1645099200 10 0 10 0
1645097400 10 0 10 0
1645095600 10 0 10 0
1645093800 10 0 10 0
1645092000 10 0 10 0
1645090200 10 0 10 0
1645088400 10 0 10 0
1645086600 10 0 10 0
1645084800 10 0 10 0
1645083000 10 0 10 0
1645081200 10 0 10 0
1645079400 10 0 10 0
1645077600 10 0 10 0
1645075800 10 0 10 0
1645074000 10 0 10 0
1645072200 10 0 10 0
1645070400 10 0 10 0
1645068600 10 0 10 0
1645066800 10 0 10 0
1645065000 10 0 10 0
1645063200 10 0 10 0
1645061400 10 0 10 0
1645059600 10 0 10 0
1645057800 10 0 10 0
1645056000 10 0 10 0
1645054200 10 0 10 0
1645052400 10 0 10 0
1645050600 10 0 10 0
1645048800 10 0 10 0
1645047000 10 0 10 0
1645045200 10 0 10 0
1645043400 10 0 10 0
1645041600 10 0 10 0
1645039800 10 0 10 0
1645038000 10 0 10 0
1645036200 10 0 10 0
1645034400 10 0 10 0
1645032600 10 0 10 0
1645030800 10 0 10 0
1645029000 10 0 10 0
1645027200 10 0 10 0
1645025400 10 0 10 0
1645023600 10 0 10 0
1645021800 10 0 10 0
1645020000 10 0 10 0
1645012800 10 0 10 0
1645005600 10 0 10 0
1644998400 10 0 10 0
1644991200 10 0 10 0
1644984000 10 0 10 0
1644976800 10 0 10 0
1644969600 10 0 10 0
1644962400 10 0 10 0
1644955200 10 0 10 0
1644948000 10 0 10 0
1644940800 10 0 10 0
1644933600 10 0 10 0
1644926400 10 0 10 0
1644919200 10 0 10 0
1644912000 10 0 10 0
1644904800 10 0 10 0
1644897600 10 0 10 0
1644890400 10 0 10 0
1644883200 10 0 10 0
1644876000 10 0 10 0
1644868800 10 0 10 0
1644861600 10 0 10 0
1644854400 10 0 10 0
1644847200 10 0 10 0
1644840000 10 0 10 0
1644832800 10 0 10 0
1644825600 10 0 10 0
1644818400 10 0 10 0
1644811200 10 0 10 0
1644804000 10 0 10 0
1644796800 10 0 10 0
1644789600 10 0 10 0
1644782400 10 0 10 0
1644775200 10 0 10 0
1644768000 10 0 10 0
1644760800 10 0 10 0
1644753600 10 0 10 0
1644746400 10 0 10 0
1644739200 10 0 10 0
1644732000 10 0 10 0
1644724800 10 0 10 0
1644717600 10 0 10 0
1644710400 10 0 10 0
1644703200 10 0 10 0
1644696000 10 0 10 0
1644688800 10 0 10 0
1644681600 10 0 10 0
1644674400 10 0 10 0
1644667200 10 0 10 0
1644660000 10 0 10 0
1644652800 10 0 10 0
1644645600 10 0 10 0
1644638400 10 0 10 0
1644631200 10 0 10 0
1644624000 10 0 10 0
1644616800 10 0 10 0
1644609600 10 0 10 0
1644602400 10 0 10 0
1644595200 10 0 10 0
1644588000 10 0 10 0
1644580800 10 0 10 0
1644573600 9 0 10 0
1644566400 9 0 9 0
1644559200 9 0 9 0
1644552000 9 0 9 0
1644544800 9 0 9 0
1644537600 9 0 9 0
1644530400 9 0 9 0
1644523200 9 0 9 0
1644516000 8 0 9 0
1644508800 0 0 7 0
1644501600 0 0 0 0
1644494400 0 0 0 0
1644487200 0 0 0 0
1644480000 0 0 0 0
1644472800 0 0 0 0
1644465600 0 0 0 0
1644458400 0 0 0 0
1644451200 0 0 0 0
1644444000 0 0 0 0
1644436800 0 0 0 0
1644429600 0 0 0 0
1644422400 0 0 0 0
1644415200 0 0 0 0
1644408000 0 0 0 0
1644400800 0 0 0 0
1644393600 0 0 0 0
1644386400 0 0 0 0
1644379200 0 0 0 0
1644372000 0 0 0 0
1644364800 0 0 0 0
1644357600 0 0 0 0
1644350400 0 0 0 0
1644343200 0 0 0 0
1644336000 0 0 0 0
1644328800 0 0 0 0
1644321600 0 0 0 0
1644314400 0 0 0 0
1644307200 0 0 0 0
1644300000 0 0 0 0
1644292800 0 0 0 0
1644285600 0 0 0 0
1644278400 0 0 0 0
1644271200 0 0 0 0
1644264000 0 0 0 0
1644256800 0 0 0 0
1644249600 0 0 0 0
1644242400 0 0 0 0
1644235200 0 0 0 0
1644228000 0 0 0 0
1644220800 0 0 0 0
1644213600 0 0 0 0
1644206400 0 0 0 0
1644199200 0 0 0 0
1644192000 0 0 0 0
1644184800 0 0 0 0
1644177600 0 0 0 0
1644170400 0 0 0 0
1644163200 0 0 0 0
1644156000 0 0 0 0
1644148800 0 0 0 0
1644141600 0 0 0 0
1644134400 0 0 0 0
1644127200 0 0 0 0
1644120000 0 0 0 0
1644112800 0 0 0 0
1644105600 0 0 0 0
1644098400 0 0 0 0
1644091200 0 0 0 0
1644084000 0 0 0 0
1644076800 0 0 0 0
1644069600 0 0 0 0
1644062400 0 0 0 0
1644055200 0 0 0 0
1644048000 0 0 0 0
1644040800 0 0 0 0
1644033600 0 0 0 0
1644026400 0 0 0 0
1644019200 0 0 0 0
1644012000 0 0 0 0
1644004800 0 0 0 0
1643997600 0 0 0 0
1643990400 0 0 0 0
1643983200 0 0 0 0
1643976000 0 0 0 0
1643968800 0 0 0 0
1643961600 0 0 0 0
1643954400 0 0 0 0
1643947200 0 0 0 0
1643940000 0 0 0 0
1643932800 0 0 0 0
1643925600 0 0 0 0
1643918400 0 0 0 0
1643911200 0 0 0 0
1643904000 0 0 0 0
1643896800 0 0 0 0
1643889600 0 0 0 0
1643882400 0 0 0 0
1643875200 0 0 0 0
1643868000 0 0 0 0
1643860800 0 0 0 0
1643853600 0 0 0 0
1643846400 0 0 0 0
1643839200 0 0 0 0
1643832000 0 0 0 0
1643824800 0 0 0 0
1643817600 0 0 0 0
1643810400 0 0 0 0
1643803200 0 0 0 0
1643796000 0 0 0 0
1643788800 0 0 0 0
1643781600 0 0 0 0
1643774400 0 0 0 0
1643767200 0 0 0 0
1643760000 0 0 0 0
1643752800 0 0 0 0
1643745600 0 0 0 0
1643738400 0 0 0 0
1643731200 0 0 0 0
1643724000 0 0 0 0
1643716800 0 0 0 0
1643709600 0 0 0 0
1643702400 0 0 0 0
1643695200 0 0 0 0
1643688000 0 0 0 0
1643680800 0 0 0 0
1643673600 0 0 0 0
1643666400 0 0 0 0
1643659200 0 0 0 0
1643652000 0 0 0 0
1643644800 0 0 0 0
1643637600 0 0 0 0
1643630400 0 0 0 0
1643623200 0 0 0 0
1643616000 0 0 0 0
1643608800 0 0 0 0
1643601600 0 0 0 0
1643594400 0 0 0 0
1643587200 0 0 0 0
1643580000 0 0 0 0
1643572800 0 0 0 0
1643565600 0 0 0 0
1643558400 0 0 0 0
1643551200 0 0 0 0
1643544000 0 0 0 0
1643536800 0 0 0 0
1643529600 0 0 0 0
1643522400 0 0 0 0
1643515200 0 0 0 0
1643508000 0 0 0 0
1643500800 0 0 0 0
1643493600 0 0 0 0
1643486400 0 0 0 0
1643479200 0 0 0 0
1643472000 0 0 0 0
1643464800 0 0 0 0
1643457600 0 0 0 0
1643450400 0 0 0 0
1643443200 0 0 0 0
1643436000 0 0 0 0
1643428800 0 0 0 0
1643421600 0 0 0 0
1643414400 0 0 0 0
1643407200 0 0 0 0
1643400000 0 0 0 0
1643392800 0 0 0 0
1643385600 0 0 0 0
1643378400 0 0 0 0
1643371200 0 0 0 0
1643364000 0 0 0 0
1643356800 0 0 0 0
1643349600 0 0 0 0
1643342400 0 0 0 0
1643335200 0 0 0 0
1643328000 0 0 0 0
1643320800 0 0 0 0
1643313600 0 0 0 0
1643306400 0 0 0 0
1643299200 0 0 0 0
1643292000 0 0 0 0
1643284800 0 0 0 0
1643277600 0 0 0 0
1643270400 0 0 0 0
1643263200 0 0 0 0
1643256000 0 0 0 0
1643248800 0 0 0 0
1643241600 0 0 0 0
1643234400 0 0 0 0
1643227200 0 0 0 0
1643220000 0 0 0 0
1643212800 0 0 0 0
1643205600 0 0 0 0
1643198400 0 0 0 0
1643191200 0 0 0 0
1643184000 0 0 0 0
1643176800 0 0 0 0
1643169600 0 0 0 0
1643162400 0 0 0 0
1643155200 0 0 0 0
1643148000 0 0 0 0
1643140800 0 0 0 0
1643133600 0 0 0 0
1643126400 0 0 0 0
1643119200 0 0 0 0
1643112000 0 0 0 0
1643104800 0 0 0 0
1643097600 0 0 0 0
1643090400 0 0 0 0
1643083200 0 0 0 0
1643076000 0 0 0 0
1643068800 0 0 0 0
1643061600 0 0 0 0
1643054400 0 0 0 0
1643047200 0 0 0 0
1643040000 0 0 0 0
1643032800 0 0 0 0
1643025600 0 0 0 0
1643018400 0 0 0 0
1643011200 0 0 0 0
1643004000 0 0 0 0
1642996800 0 0 0 0
1642989600 0 0 0 0
1642982400 0 0 0 0
1642975200 0 0 0 0
1642968000 0 0 0 0
1642960800 0 0 0 0
1642953600 0 0 0 0
1642946400 0 0 0 0
1642939200 0 0 0 0
1642932000 0 0 0 0
1642924800 0 0 0 0
1642917600 0 0 0 0
1642910400 0 0 0 0
1642903200 0 0 0 0
1642896000 0 0 0 0
1642888800 0 0 0 0
1642881600 0 0 0 0
1642874400 0 0 0 0
1642867200 0 0 0 0
1642860000 0 0 0 0
1642852800 0 0 0 0
1642845600 0 0 0 0
1642838400 0 0 0 0
1642831200 0 0 0 0
1642824000 0 0 0 0
1642816800 0 0 0 0
1642809600 0 0 0 0
1642802400 0 0 0 0
1642795200 0 0 0 0
1642788000 0 0 0 0
1642780800 0 0 0 0
1642773600 0 0 0 0
1642766400 0 0 0 0
1642759200 0 0 0 0
1642752000 0 0 0 0
1642744800 0 0 0 0
1642737600 0 0 0 0
1642730400 0 0 0 0
1642723200 0 0 0 0
1642716000 0 0 0 0
1642708800 0 0 0 0
1642701600 0 0 0 0
1642694400 0 0 0 0
1642687200 0 0 0 0
1642680000 0 0 0 0
1642672800 0 0 0 0
1642665600 0 0 0 0
1642658400 0 0 0 0
1642651200 0 0 0 0
1642644000 0 0 0 0
1642636800 0 0 0 0
1642629600 0 0 0 0
1642622400 0 0 0 0
1642615200 0 0 0 0
1642608000 0 0 0 0
1642600800 0 0 0 0
1642593600 0 0 0 0
1642586400 0 0 0 0
1642579200 0 0 0 0
1642572000 0 0 0 0
1642564800 0 0 0 0
1642557600 0 0 0 0
1642550400 0 0 0 0
1642543200 0 0 0 0
1642536000 0 0 0 0
1642528800 0 0 0 0
1642521600 0 0 0 0
1642514400 0 0 0 0
1642507200 0 0 0 0
1642500000 0 0 0 0
1642492800 0 0 0 0
1642485600 0 0 0 0
1642478400 0 0 0 0
1642471200 0 0 0 0
1642464000 0 0 0 0
1642456800 0 0 0 0
1642449600 0 0 0 0
1642442400 0 0 0 0
1642435200 0 0 0 0
1642428000 0 0 0 0
1642420800 0 0 0 0
1642413600 0 0 0 0
1642406400 0 0 0 0
1642399200 0 0 0 0
1642392000 0 0 0 0
1642384800 0 0 0 0
1642377600 0 0 0 0
1642370400 0 0 0 0
1642363200 0 0 0 0
1642356000 0 0 0 0
1642348800 0 0 0 0
1642341600 0 0 0 0
1642334400 0 0 0 0
1642327200 0 0 0 0
1642320000 0 0 0 0
1642312800 0 0 0 0
1642305600 0 0 0 0
1642298400 0 0 0 0
1642291200 0 0 0 0
1642284000 0 0 0 0
1642276800 0 0 0 0
1642269600 0 0 0 0
1642262400 0 0 0 0
1642255200 0 0 0 0
1642248000 0 0 0 0
1642240800 0 0 0 0
1642233600 0 0 0 0
1642226400 0 0 0 0
1642219200 0 0 0 0
1642212000 0 0 0 0
1642204800 0 0 0 0
1642197600 0 0 0 0
1642190400 0 0 0 0
1642183200 0 0 0 0
1642176000 0 0 0 0
1642168800 0 0 0 0
1642161600 0 0 0 0
1642154400 0 0 0 0
1642147200 0 0 0 0
1642140000 0 0 0 0
1642132800 0 0 0 0
1642125600 0 0 0 0
1642118400 0 0 0 0
1642111200 0 0 0 0
1642104000 0 0 0 0
1642096800 0 0 0 0
1642089600 0 0 0 0
1642082400 0 0 0 0
1642075200 0 0 0 0
1642068000 0 0 0 0
1642060800 0 0 0 0
1642053600 0 0 0 0
1642046400 0 0 0 0
1642039200 0 0 0 0
1642032000 0 0 0 0
1642024800 0 0 0 0
1642017600 0 0 0 0
1642010400 0 0 0 0
1642003200 0 0 0 0
1641996000 0 0 0 0
1641988800 0 0 0 0
1641981600 0 0 0 0
1641974400 0 0 0 0
1641967200 0 0 0 0
1641960000 0 0 0 0
1641952800 0 0 0 0
1641945600 0 0 0 0
1641938400 0 0 0 0
1641931200 0 0 0 0
1641924000 0 0 0 0
1641916800 0 0 0 0
1641909600 0 0 0 0
1641902400 0 0 0 0
1641895200 0 0 0 0
1641888000 0 0 0 0
1641880800 0 0 0 0
1641873600 0 0 0 0
1641866400 0 0 0 0
1641859200 0 0 0 0
1641852000 0 0 0 0
1641844800 0 0 0 0
1641837600 0 0 0 0
1641830400 0 0 0 0
1641823200 0 0 0 0
1641816000 0 0 0 0
1641808800 0 0 0 0
1641801600 0 0 0 0
1641794400 0 0 0 0
1641787200 0 0 0 0
1641780000 0 0 0 0
1641772800 0 0 0 0
1641765600 0 0 0 0
1641758400 0 0 0 0
1641751200 0 0 0 0
1641744000 0 0 0 0
1641736800 0 0 0 0
1641729600 0 0 0 0
1641722400 0 0 0 0
1641715200 0 0 0 0
1641708000 0 0 0 0
1641700800 0 0 0 0
1641693600 0 0 0 0
1641686400 0 0 0 0
1641679200 0 0 0 0
1641672000 0 0 0 0
1641664800 0 0 0 0
1641657600 0 0 0 0
1641650400 0 0 0 0
1641643200 0 0 0 0
1641636000 0 0 0 0
1641628800 0 0 0 0
1641621600 0 0 0 0
1641614400 0 0 0 0
1641607200 0 0 0 0
1641600000 0 0 0 0
1641592800 0 0 0 0
1641585600 0 0 0 0
1641578400 0 0 0 0
1641571200 0 0 0 0
1641564000 0 0 0 0
1641556800 0 0 0 0
1641549600 0 0 0 0
1641542400 0 0 0 0
1641535200 0 0 0 0
1641528000 0 0 0 0
1641520800 0 0 0 0
1641513600 0 0 0 0
1641506400 0 0 0 0
1641499200 0 0 0 0
1641492000 0 0 0 0
1641484800 0 0 0 0
1641477600 0 0 0 0
1641470400 0 0 0 0
1641463200 0 0 0 0
1641456000 0 0 0 0
1641448800 0 0 0 0
1641441600 0 0 0 0
1641434400 0 0 0 0
1641427200 0 0 0 0
1641420000 0 0 0 0
1641412800 0 0 0 0
1641405600 0 0 0 0
1641398400 0 0 0 0
1641391200 0 0 0 0
1641384000 0 0 0 0
1641376800 0 0 0 0
1641369600 0 0 0 0
1641362400 0 0 0 0
1641355200 0 0 0 0
1641348000 0 0 0 0
1641340800 0 0 0 0
1641333600 0 0 0 0
1641326400 0 0 0 0
1641319200 0 0 0 0
1641312000 0 0 0 0
1641304800 0 0 0 0
1641297600 0 0 0 0
1641290400 0 0 0 0
1641283200 0 0 0 0
1641276000 0 0 0 0
1641268800 0 0 0 0
1641261600 0 0 0 0
1641254400 0 0 0 0
1641247200 0 0 0 0
1641240000 0 0 0 0
1641232800 0 0 0 0
1641225600 0 0 0 0
1641218400 0 0 0 0
1641211200 0 0 0 0
1641204000 0 0 0 0
1641196800 0 0 0 0
1641189600 0 0 0 0
1641182400 0 0 0 0
1641175200 0 0 0 0
1641168000 0 0 0 0
1641160800 0 0 0 0
1641153600 0 0 0 0
1641146400 0 0 0 0
1641139200 0 0 0 0
1641132000 0 0 0 0
1641124800 0 0 0 0
1641117600 0 0 0 0
1641110400 0 0 0 0
1641103200 0 0 0 0
1641096000 0 0 0 0
1641088800 0 0 0 0
1641081600 0 0 0 0
1641074400 0 0 0 0
1641067200 0 0 0 0
1641060000 0 0 0 0
1641052800 0 0 0 0
1641045600 0 0 0 0
1641038400 0 0 0 0
1641031200 0 0 0 0
1641024000 0 0 0 0
1641016800 0 0 0 0
1641009600 0 0 0 0
1641002400 0 0 0 0
1640995200 0 0 0 0
1640988000 0 0 0 0
1640980800 0 0 0 0
1640973600 0 0 0 0
1640966400 0 0 0 0
1640959200 0 0 0 0
1640952000 0 0 0 0
1640944800 0 0 0 0
1640937600 0 0 0 0
1640930400 0 0 0 0
1640923200 0 0 0 0
1640916000 0 0 0 0
1640908800 0 0 0 0
1640901600 0 0 0 0
1640894400 0 0 0 0
1640887200 0 0 0 0
1640880000 0 0 0 0
1640872800 0 0 0 0
1640865600 0 0 0 0
1640858400 0 0 0 0
1640851200 0 0 0 0
1640844000 0 0 0 0
1640836800 0 0 0 0
1640829600 0 0 0 0
1640822400 0 0 0 0
1640815200 0 0 0 0
1640808000 0 0 0 0
1640800800 0 0 0 0
1640793600 0 0 0 0
1640786400 0 0 0 0
1640779200 0 0 0 0
1640772000 0 0 0 0
1640764800 0 0 0 0
1640757600 0 0 0 0
1640750400 0 0 0 0
1640743200 0 0 0 0
1640736000 0 0 0 0
1640728800 0 0 0 0
1640721600 0 0 0 0
1640714400 0 0 0 0
1640707200 0 0 0 0
1640700000 0 0 0 0
1640649600 0 0 0 0
1640563200 0 0 0 0
1640476800 0 0 0 0
1640390400 0 0 0 0
1640304000 0 0 0 0
1640217600 0 0 0 0
1640131200 0 0 0 0
1640044800 0 0 0 0
1639958400 0 0 0 0
1639872000 0 0 0 0
1639785600 0 0 0 0
1639699200 0 0 0 0
1639612800 0 0 0 0
1639526400 0 0 0 0
1639440000 0 0 0 0
1639353600 0 0 0 0
1639267200 0 0 0 0
1639180800 0 0 0 0
1639094400 0 0 0 0
1639008000 0 0 0 0
1638921600 0 0 0 0
1638835200 0 0 0 0
1638748800 0 0 0 0
1638662400 0 0 0 0
1638576000 0 0 0 0
1638489600 0 0 0 0
1638403200 0 0 0 0
1638316800 0 0 0 0
1638230400 0 0 0 0
1638144000 0 0 0 0
1638057600 0 0 0 0
1637971200 0 0 0 0
1637884800 0 0 0 0
1637798400 0 0 0 0
1637712000 0 0 0 0
1637625600 0 0 0 0
1637539200 0 0 0 0
1637452800 0 0 0 0
1637366400 0 0 0 0
1637280000 0 0 0 0
1637193600 0 0 0 0
1637107200 0 0 0 0
1637020800 0 0 0 0
1636934400 0 0 0 0
1636848000 0 0 0 0
1636761600 0 0 0 0
1636675200 0 0 0 0
1636588800 0 0 0 0
1636502400 0 0 0 0
1636416000 0 0 0 0
1636329600 0 0 0 0
1636243200 0 0 0 0
1636156800 0 0 0 0
1636070400 0 0 0 0
1635984000 0 0 0 0
1635897600 0 0 0 0
1635811200 0 0 0 0
1635724800 0 0 0 0
1635638400 0 0 0 0
1635552000 0 0 0 0
1635465600 0 0 0 0
1635379200 0 0 0 0
1635292800 0 0 0 0
1635206400 0 0 0 0
1635120000 0 0 0 0
1635033600 0 0 0 0
1634947200 0 0 0 0
1634860800 0 0 0 0
1634774400 0 0 0 0
1634688000 0 0 0 0
1634601600 0 0 0 0
1634515200 0 0 0 0
1634428800 0 0 0 0
1634342400 0 0 0 0
1634256000 0 0 0 0
1634169600 0 0 0 0
1634083200 0 0 0 0
1633996800 0 0 0 0
1633910400 0 0 0 0
1633824000 0 0 0 0
1633737600 0 0 0 0
1633651200 0 0 0 0
1633564800 0 0 0 0
1633478400 0 0 0 0
1633392000 0 0 0 0
1633305600 0 0 0 0
1633219200 0 0 0 0
1633132800 0 0 0 0
1633046400 0 0 0 0
1632960000 0 0 0 0
1632873600 0 0 0 0
1632787200 0 0 0 0
1632700800 0 0 0 0
1632614400 0 0 0 0
1632528000 0 0 0 0
1632441600 0 0 0 0
1632355200 0 0 0 0
1632268800 0 0 0 0
1632182400 0 0 0 0
1632096000 0 0 0 0
1632009600 0 0 0 0
1631923200 0 0 0 0
1631836800 0 0 0 0
1631750400 0 0 0 0
1631664000 0 0 0 0
1631577600 0 0 0 0
1631491200 0 0 0 0
1631404800 0 0 0 0
1631318400 0 0 0 0
1631232000 0 0 0 0
1631145600 0 0 0 0
1631059200 0 0 0 0
1630972800 0 0 0 0
1630886400 0 0 0 0
1630800000 0 0 0 0
1630713600 0 0 0 0
1630627200 0 0 0 0
1630540800 0 0 0 0
1630454400 0 0 0 0
1630368000 0 0 0 0
1630281600 0 0 0 0
1630195200 0 0 0 0
1630108800 0 0 0 0
1630022400 0 0 0 0
1629936000 0 0 0 0
1629849600 0 0 0 0
1629763200 0 0 0 0
1629676800 0 0 0 0
1629590400 0 0 0 0
1629504000 0 0 0 0
1629417600 0 0 0 0
1629331200 0 0 0 0
1629244800 0 0 0 0
1629158400 0 0 0 0
1629072000 0 0 0 0
1628985600 0 0 0 0
1628899200 0 0 0 0
1628812800 0 0 0 0
1628726400 0 0 0 0
1628640000 0 0 0 0
1628553600 0 0 0 0
1628467200 0 0 0 0
1628380800 0 0 0 0
1628294400 0 0 0 0
1628208000 0 0 0 0
1628121600 0 0 0 0
1628035200 0 0 0 0
1627948800 0 0 0 0
1627862400 0 0 0 0
1627776000 0 0 0 0
1627689600 0 0 0 0
1627603200 0 0 0 0
1627516800 0 0 0 0
1627430400 0 0 0 0
1627344000 0 0 0 0
1627257600 0 0 0 0
1627171200 0 0 0 0
1627084800 0 0 0 0
1626998400 0 0 0 0
1626912000 0 0 0 0
1626825600 0 0 0 0
1626739200 0 0 0 0
1626652800 0 0 0 0
1626566400 0 0 0 0
1626480000 0 0 0 0
1626393600 0 0 0 0
1626307200 0 0 0 0
1626220800 0 0 0 0
1626134400 0 0 0 0
1626048000 0 0 0 0
1625961600 0 0 0 0
1625875200 0 0 0 0
1625788800 0 0 0 0
1625702400 0 0 0 0
1625616000 0 0 0 0
1625529600 0 0 0 0
1625443200 0 0 0 0
1625356800 0 0 0 0
1625270400 0 0 0 0
1625184000 0 0 0 0
1625097600 0 0 0 0
1625011200 0 0 0 0
1624924800 0 0 0 0
1624838400 0 0 0 0
1624752000 0 0 0 0
1624665600 0 0 0 0
1624579200 0 0 0 0
1624492800 0 0 0 0
1624406400 0 0 0 0
1624320000 0 0 0 0
1624233600 0 0 0 0
1624147200 0 0 0 0
1624060800 0 0 0 0
1623974400 0 0 0 0
1623888000 0 0 0 0
1623801600 0 0 0 0
1623715200 0 0 0 0
1623628800 0 0 0 0
1623542400 0 0 0 0
1623456000 0 0 0 0
1623369600 0 0 0 0
1623283200 0 0 0 0
1623196800 0 0 0 0
1623110400 0 0 0 0
1623024000 0 0 0 0
1622937600 0 0 0 0
1622851200 0 0 0 0
1622764800 0 0 0 0
1622678400 0 0 0 0
1622592000 0 0 0 0
1622505600 0 0 0 0
1622419200 0 0 0 0
1622332800 0 0 0 0
1622246400 0 0 0 0
1622160000 0 0 0 0
1622073600 0 0 0 0
1621987200 0 0 0 0
1621900800 0 0 0 0
1621814400 0 0 0 0
1621728000 0 0 0 0
1621641600 0 0 0 0
1621555200 0 0 0 0
1621468800 0 0 0 0
1621382400 0 0 0 0
1621296000 0 0 0 0
1621209600 0 0 0 0
1621123200 0 0 0 0
1621036800 0 0 0 0
1620950400 0 0 0 0
1620864000 0 0 0 0
1620777600 0 0 0 0
1620691200 0 0 0 0
1620604800 0 0 0 0
1620518400 0 0 0 0
1620432000 0 0 0 0
1620345600 0 0 0 0
1620259200 0 0 0 0
1620172800 0 0 0 0
1620086400 0 0 0 0
1620000000 0 0 0 0
1619913600 0 0 0 0
1619827200 0 0 0 0
1619740800 0 0 0 0
1619654400 0 0 0 0
1619568000 0 0 0 0
1619481600 0 0 0 0
1619395200 0 0 0 0
1619308800 0 0 0 0
1619222400 0 0 0 0
1619136000 0 0 0 0
1619049600 0 0 0 0
1618963200 0 0 0 0
1618876800 0 0 0 0
1618790400 0 0 0 0
1618704000 0 0 0 0
1618617600 0 0 0 0
1618531200 0 0 0 0
1618444800 0 0 0 0
1618358400 0 0 0 0
1618272000 0 0 0 0
1618185600 0 0 0 0
1618099200 0 0 0 0
1618012800 0 0 0 0
1617926400 0 0 0 0
1617840000 0 0 0 0
1617753600 0 0 0 0
1617667200 0 0 0 0
1617580800 0 0 0 0
1617494400 0 0 0 0
1617408000 0 0 0 0
1617321600 0 0 0 0
1617235200 0 0 0 0
1617148800 0 0 0 0
1617062400 0 0 0 0
1616976000 0 0 0 0
1616889600 0 0 0 0
1616803200 0 0 0 0
1616716800 0 0 0 0
1616630400 0 0 0 0
1616544000 0 0 0 0
1616457600 0 0 0 0
1616371200 0 0 0 0
1616284800 0 0 0 0
1616198400 0 0 0 0
1616112000 0 0 0 0
1616025600 0 0 0 0
1615939200 0 0 0 0
1615852800 0 0 0 0
1615766400 0 0 0 0
1615680000 0 0 0 0
1615593600 0 0 0 0
1615507200 0 0 0 0
1615420800 0 0 0 0
1615334400 0 0 0 0
1615248000 0 0 0 0
1615161600 0 0 0 0
1615075200 0 0 0 0
1614988800 0 0 0 0
1614902400 0 0 0 0
1614816000 0 0 0 0
1614729600 0 0 0 0
1614643200 0 0 0 0
1614556800 0 0 0 0
1614470400 0 0 0 0
1614384000 0 0 0 0
1614297600 0 0 0 0
1614211200 0 0 0 0
1614124800 0 0 0 0
1614038400 0 0 0 0
1613952000 0 0 0 0
1613865600 0 0 0 0
1613779200 0 0 0 0
1613692800 0 0 0 0
1613606400 0 0 0 0
1613520000 0 0 0 0
1613433600 0 0 0 0
1613347200 0 0 0 0
1613260800 0 0 0 0
1613174400 0 0 0 0
1613088000 0 0 0 0
1613001600 0 0 0 0
1612915200 0 0 0 0
1612828800 0 0 0 0
1612742400 0 0 0 0
1612656000 0 0 0 0
1612569600 0 0 0 0
1612483200 0 0 0 0
1612396800 0 0 0 0
1612310400 0 0 0 0
1612224000 0 0 0 0
1612137600 0 0 0 0
1612051200 0 0 0 0
1611964800 0 0 0 0
1611878400 0 0 0 0
1611792000 0 0 0 0
1611705600 0 0 0 0
1611619200 0 0 0 0
1611532800 0 0 0 0
1611446400 0 0 0 0
1611360000 0 0 0 0
1611273600 0 0 0 0
1611187200 0 0 0 0
1611100800 0 0 0 0
1611014400 0 0 0 0
1610928000 0 0 0 0
1610841600 0 0 0 0
1610755200 0 0 0 0
1610668800 0 0 0 0
1610582400 0 0 0 0
1610496000 0 0 0 0
1610409600 0 0 0 0
1610323200 0 0 0 0
1610236800 0 0 0 0
1610150400 0 0 0 0
1610064000 0 0 0 0
1609977600 0 0 0 0
1609891200 0 0 0 0
1609804800 0 0 0 0
1609718400 0 0 0 0
1609632000 0 0 0 0
1609545600 0 0 0 0
1609459200 0 0 0 0
1609372800 0 0 0 0
1609286400 0 0 0 0
1609200000 0 0 0 0
1609113600 0 0 0 0
1609027200 0 0 0 0
1608940800 0 0 0 0
1608854400 0 0 0 0
1608768000 0 0 0 0
1608681600 0 0 0 0
1608595200 0 0 0 0
1608508800 0 0 0 0
1608422400 0 0 0 0
1608336000 0 0 0 0
1608249600 0 0 0 0
1608163200 0 0 0 0
1608076800 0 0 0 0
1607990400 0 0 0 0
1607904000 0 0 0 0
1607817600 0 0 0 0
1607731200 0 0 0 0
1607644800 0 0 0 0
1607558400 0 0 0 0
1607472000 0 0 0 0
1607385600 0 0 0 0
1607299200 0 0 0 0
1607212800 0 0 0 0
1607126400 0 0 0 0
1607040000 0 0 0 0
1606953600 0 0 0 0
1606867200 0 0 0 0
1606780800 0 0 0 0
1606694400 0 0 0 0
1606608000 0 0 0 0
1606521600 0 0 0 0
1606435200 0 0 0 0
1606348800 0 0 0 0
1606262400 0 0 0 0
1606176000 0 0 0 0
1606089600 0 0 0 0
1606003200 0 0 0 0
1605916800 0 0 0 0
1605830400 0 0 0 0
1605744000 0 0 0 0
1605657600 0 0 0 0
1605571200 0 0 0 0
1605484800 0 0 0 0
1605398400 0 0 0 0
1605312000 0 0 0 0
1605225600 0 0 0 0
1605139200 0 0 0 0
1605052800 0 0 0 0
1604966400 0 0 0 0
1604880000 0 0 0 0
1604793600 0 0 0 0
1604707200 0 0 0 0
1604620800 0 0 0 0
1604534400 0 0 0 0
1604448000 0 0 0 0
1604361600 0 0 0 0
1604275200 0 0 0 0
1604188800 0 0 0 0
1604102400 0 0 0 0
1604016000 0 0 0 0
1603929600 0 0 0 0
1603843200 0 0 0 0
1603756800 0 0 0 0
1603670400 0 0 0 0
1603584000 0 0 0 0
1603497600 0 0 0 0
1603411200 0 0 0 0
1603324800 0 0 0 0
1603238400 0 0 0 0
1603152000 0 0 0 0
1603065600 0 0 0 0
1602979200 0 0 0 0
1602892800 0 0 0 0
1602806400 0 0 0 0
1602720000 0 0 0 0
1602633600 0 0 0 0
1602547200 0 0 0 0
1602460800 0 0 0 0
1602374400 0 0 0 0
1602288000 0 0 0 0
1602201600 0 0 0 0
1602115200 0 0 0 0
1602028800 0 0 0 0
1601942400 0 0 0 0
1601856000 0 0 0 0
1601769600 0 0 0 0
1601683200 0 0 0 0
1601596800 0 0 0 0
1601510400 0 0 0 0
1601424000 0 0 0 0
1601337600 0 0 0 0
1601251200 0 0 0 0
1601164800 0 0 0 0
1601078400 0 0 0 0
1600992000 0 0 0 0
1600905600 0 0 0 0
1600819200 0 0 0 0
1600732800 0 0 0 0
1600646400 0 0 0 0
1600560000 0 0 0 0
1600473600 0 0 0 0
1600387200 0 0 0 0
1600300800 0 0 0 0
1600214400 0 0 0 0
1600128000 0 0 0 0
1600041600 0 0 0 0
1599955200 0 0 0 0
1599868800 0 0 0 0
1599782400 0 0 0 0
1599696000 0 0 0 0
1599609600 0 0 0 0
1599523200 0 0 0 0
1599436800 0 0 0 0
1599350400 0 0 0 0
1599264000 0 0 0 0
1599177600 0 0 0 0
1599091200 0 0 0 0
1599004800 0 0 0 0
1598918400 0 0 0 0
1598832000 0 0 0 0
1598745600 0 0 0 0
1598659200 0 0 0 0
1598572800 0 0 0 0
1598486400 0 0 0 0
1598400000 0 0 0 0
1598313600 0 0 0 0
1598227200 0 0 0 0
1598140800 0 0 0 0
1598054400 0 0 0 0
1597968000 0 0 0 0
1597881600 0 0 0 0
1597795200 0 0 0 0
1597708800 0 0 0 0
1597622400 0 0 0 0
1597536000 0 0 0 0
1597449600 0 0 0 0
1597363200 0 0 0 0
1597276800 0 0 0 0
1597190400 0 0 0 0
1597104000 0 0 0 0
1597017600 0 0 0 0
1596931200 0 0 0 0
1596844800 0 0 0 0
1596758400 0 0 0 0
1596672000 0 0 0 0
1596585600 0 0 0 0
1596499200 0 0 0 0
1596412800 0 0 0 0
1596326400 0 0 0 0
1596240000 0 0 0 0
1596153600 0 0 0 0
1596067200 0 0 0 0
1595980800 0 0 0 0
1595894400 0 0 0 0
1595808000 0 0 0 0
1595721600 0 0 0 0
1595635200 0 0 0 0
1595548800 0 0 0 0
1595462400 0 0 0 0
1595376000 0 0 0 0
1595289600 0 0 0 0
1595203200 0 0 0 0
1595116800 0 0 0 0
1595030400 0 0 0 0
1594944000 0 0 0 0
1594857600 0 0 0 0
1594771200 0 0 0 0
1594684800 0 0 0 0
1594598400 0 0 0 0
1594512000 0 0 0 0
1594425600 0 0 0 0
1594339200 0 0 0 0
1594252800 0 0 0 0
1594166400 0 0 0 0
1594080000 0 0 0 0
1593993600 0 0 0 0
1593907200 0 0 0 0
1593820800 0 0 0 0
1593734400 0 0 0 0
1593648000 0 0 0 0
1593561600 0 0 0 0
1593475200 0 0 0 0
1593388800 0 0 0 0
1593302400 0 0 0 0
1593216000 0 0 0 0
1593129600 0 0 0 0
1593043200 0 0 0 0
1592956800 0 0 0 0
1592870400 0 0 0 0
1592784000 0 0 0 0
1592697600 0 0 0 0
1592611200 0 0 0 0
1592524800 0 0 0 0
1592438400 0 0 0 0
1592352000 0 0 0 0
1592265600 0 0 0 0
1592179200 0 0 0 0
1592092800 0 0 0 0
1592006400 0 0 0 0
1591920000 0 0 0 0
1591833600 0 0 0 0
1591747200 0 0 0 0
1591660800 0 0 0 0
1591574400 0 0 0 0
1591488000 0 0 0 0
1591401600 0 0 0 0
1591315200 0 0 0 0
1591228800 0 0 0 0
1591142400 0 0 0 0
1591056000 0 0 0 0
1590969600 0 0 0 0
1590883200 0 0 0 0
1590796800 0 0 0 0
1590710400 0 0 0 0
1590624000 0 0 0 0
1590537600 0 0 0 0
1590451200 0 0 0 0
1590364800 0 0 0 0
1590278400 0 0 0 0
1590192000 0 0 0 0
1590105600 0 0 0 0
1590019200 0 0 0 0
1589932800 0 0 0 0
1589846400 0 0 0 0
1589760000 0 0 0 0
1589673600 0 0 0 0
1589587200 0 0 0 0
1589500800 0 0 0 0
1589414400 0 0 0 0
1589328000 0 0 0 0
1589241600 0 0 0 0
1589155200 0 0 0 0
1589068800 0 0 0 0
1588982400 0 0 0 0
1588896000 0 0 0 0
1588809600 0 0 0 0
1588723200 0 0 0 0
1588636800 0 0 0 0
1588550400 0 0 0 0
1588464000 0 0 0 0
1588377600 0 0 0 0
1588291200 0 0 0 0
1588204800 0 0 0 0
1588118400 0 0 0 0
1588032000 0 0 0 0
1587945600 0 0 0 0
1587859200 0 0 0 0
1587772800 0 0 0 0
1587686400 0 0 0 0
1587600000 0 0 0 0
1587513600 0 0 0 0
1587427200 0 0 0 0
1587340800 0 0 0 0
1587254400 0 0 0 0
1587168000 0 0 0 0
1587081600 0 0 0 0
1586995200 0 0 0 0
1586908800 0 0 0 0
1586822400 0 0 0 0
1586736000 0 0 0 0
1586649600 0 0 0 0
1586563200 0 0 0 0
1586476800 0 0 0 0
1586390400 0 0 0 0
1586304000 0 0 0 0
1586217600 0 0 0 0
1586131200 0 0 0 0
1586044800 0 0 0 0
1585958400 0 0 0 0
1585872000 0 0 0 0
1585785600 0 0 0 0
1585699200 0 0 0 0
1585612800 0 0 0 0
1585526400 0 0 0 0
1585440000 0 0 0 0
1585353600 0 0 0 0
1585267200 0 0 0 0
1585180800 0 0 0 0
1585094400 0 0 0 0
1585008000 0 0 0 0
1584921600 0 0 0 0
1584835200 0 0 0 0
1584748800 0 0 0 0
1584662400 0 0 0 0
1584576000 0 0 0 0
1584489600 0 0 0 0
1584403200 0 0 0 0
1584316800 0 0 0 0
1584230400 0 0 0 0
1584144000 0 0 0 0
1584057600 0 0 0 0
1583971200 0 0 0 0
1583884800 0 0 0 0
1583798400 0 0 0 0
1583712000 0 0 0 0
1583625600 0 0 0 0
1583539200 0 0 0 0
1583452800 0 0 0 0
1583366400 0 0 0 0
1583280000 0 0 0 0
1583193600 0 0 0 0
1583107200 0 0 0 0
1583020800 0 0 0 0
1582934400 0 0 0 0
1582848000 0 0 0 0
1582761600 0 0 0 0
1582675200 0 0 0 0
1582588800 0 0 0 0
1582502400 0 0 0 0
1582416000 0 0 0 0
1582329600 0 0 0 0
1582243200 0 0 0 0
1582156800 0 0 0 0
1582070400 0 0 0 0
1581984000 0 0 0 0
1581897600 0 0 0 0
1581811200 0 0 0 0
1581724800 0 0 0 0
1581638400 0 0 0 0
1581552000 0 0 0 0
1581465600 0 0 0 0
1581379200 0 0 0 0
1581292800 0 0 0 0
1581206400 0 0 0 0
1581120000 0 0 0 0
1581033600 0 0 0 0
1580947200 0 0 0 0
1580860800 0 0 0 0
1580774400 0 0 0 0
1580688000 0 0 0 0
1580601600 0 0 0 0
1580515200 0 0 0 0
1580428800 0 0 0 0
1580342400 0 0 0 0
1580256000 0 0 0 0
1580169600 0 0 0 0
1580083200 0 0 0 0
1579996800 0 0 0 0
1579910400 0 0 0 0
1579824000 0 0 0 0
1579737600 0 0 0 0
1579651200 0 0 0 0
1579564800 0 0 0 0
1579478400 0 0 0 0
1579392000 0 0 0 0
1579305600 0 0 0 0
1579219200 0 0 0 0
1579132800 0 0 0 0
1579046400 0 0 0 0
1578960000 0 0 0 0
1578873600 0 0 0 0
1578787200 0 0 0 0
1578700800 0 0 0 0
1578614400 0 0 0 0
1578528000 0 0 0 0
1578441600 0 0 0 0
1578355200 0 0 0 0
1578268800 0 0 0 0
1578182400 0 0 0 0
1578096000 0 0 0 0
1578009600 0 0 0 0
1577923200 0 0 0 0
1577836800 0 0 0 0
1577750400 0 0 0 0
1577664000 0 0 0 0
1577577600 0 0 0 0
1577491200 0 0 0 0
